<?xml version="1.0" encoding="UTF-8"?>
<!-- Generated by org.testng.reporters.JUnitReportReporter -->
<testsuite hostname="tiansc" name="com.cmcc.p.poc.automation.test.HistotyTest" tests="2" failures="0" timestamp="8 Dec 2021 02:01:32 GMT" time="199.649" errors="0">
  <testcase name="getFirst" time="0.233" classname="com.cmcc.p.poc.automation.test.HistotyTest"/>
  <testcase name="test" time="199.416" classname="com.cmcc.p.poc.automation.test.HistotyTest"/>
</testsuite> <!-- com.cmcc.p.poc.automation.test.HistotyTest -->
