<?xml version="1.0" encoding="UTF-8"?>
<!-- Generated by org.testng.reporters.JUnitReportReporter -->
<testsuite hostname="tiansc" name="com.cmcc.p.poc.automation.test.Group_notice" tests="2" failures="0" timestamp="7 Dec 2021 09:05:24 GMT" time="138.731" errors="0">
  <testcase name="getsecond" time="0.122" classname="com.cmcc.p.poc.automation.test.Group_notice"/>
  <testcase name="test" time="138.609" classname="com.cmcc.p.poc.automation.test.Group_notice"/>
</testsuite> <!-- com.cmcc.p.poc.automation.test.Group_notice -->
