<?xml version="1.0" encoding="UTF-8"?>
<!-- Generated by org.testng.reporters.JUnitReportReporter -->
<testsuite hostname="tiansc" name="com.cmcc.p.poc.automation.test.Messfriend" tests="3" failures="0" timestamp="7 Dec 2021 13:59:08 GMT" time="230.752" errors="0">
  <testcase name="test" time="230.542" classname="com.cmcc.p.poc.automation.test.Messfriend"/>
  <testcase name="getFirst" time="0.199" classname="com.cmcc.p.poc.automation.test.Messfriend"/>
  <testcase name="getsecond" time="0.011" classname="com.cmcc.p.poc.automation.test.Messfriend"/>
</testsuite> <!-- com.cmcc.p.poc.automation.test.Messfriend -->
