<?xml version="1.0" encoding="UTF-8"?>
<!-- Generated by org.testng.reporters.JUnitReportReporter -->
<testsuite hostname="tiansc" name="com.cmcc.p.poc.automation.test.SetUp" tests="2" failures="0" timestamp="7 Dec 2021 15:04:59 GMT" time="125.174" errors="0">
  <testcase name="getFirst" time="0.142" classname="com.cmcc.p.poc.automation.test.SetUp"/>
  <testcase name="test" time="125.032" classname="com.cmcc.p.poc.automation.test.SetUp"/>
</testsuite> <!-- com.cmcc.p.poc.automation.test.SetUp -->
