<?xml version="1.0" encoding="UTF-8"?>
<!-- Generated by org.testng.reporters.JUnitReportReporter -->
<testsuite hostname="tiansc" name="com.cmcc.p.poc.automation.test.FriendmoduleFlowTest" tests="3" failures="0" timestamp="7 Dec 2021 08:36:08 GMT" time="243.895" errors="0">
  <testcase name="getFirst" time="0.224" classname="com.cmcc.p.poc.automation.test.FriendmoduleFlowTest"/>
  <testcase name="getsecond" time="0.016" classname="com.cmcc.p.poc.automation.test.FriendmoduleFlowTest"/>
  <testcase name="test" time="243.655" classname="com.cmcc.p.poc.automation.test.FriendmoduleFlowTest"/>
</testsuite> <!-- com.cmcc.p.poc.automation.test.FriendmoduleFlowTest -->
