<?xml version="1.0" encoding="UTF-8"?>
<!-- Generated by org.testng.reporters.JUnitReportReporter -->
<testsuite hostname="tiansc" name="com.cmcc.p.poc.automation.test.Updatefriendname" tests="3" failures="0" timestamp="7 Dec 2021 15:26:07 GMT" time="288.724" errors="0">
  <testcase name="getFirst" time="0.137" classname="com.cmcc.p.poc.automation.test.Updatefriendname"/>
  <testcase name="test" time="288.526" classname="com.cmcc.p.poc.automation.test.Updatefriendname"/>
  <testcase name="getsecond" time="0.061" classname="com.cmcc.p.poc.automation.test.Updatefriendname"/>
</testsuite> <!-- com.cmcc.p.poc.automation.test.Updatefriendname -->
