<?xml version="1.0" encoding="UTF-8"?>
<!-- Generated by org.testng.reporters.JUnitReportReporter -->
<testsuite hostname="tiansc" name="com.cmcc.p.poc.automation.test.Addfriend" tests="3" failures="0" timestamp="7 Dec 2021 06:16:13 GMT" time="319.793" errors="0">
  <testcase name="getFirst" time="0.413" classname="com.cmcc.p.poc.automation.test.Addfriend"/>
  <testcase name="getsecond" time="0.076" classname="com.cmcc.p.poc.automation.test.Addfriend"/>
  <testcase name="test" time="319.304" classname="com.cmcc.p.poc.automation.test.Addfriend"/>
</testsuite> <!-- com.cmcc.p.poc.automation.test.Addfriend -->
