<?xml version="1.0" encoding="UTF-8"?>
<!-- Generated by org.testng.reporters.JUnitReportReporter -->
<testsuite hostname="tiansc" name="com.cmcc.p.poc.automation.test.Callonefriend" tests="5" failures="0" timestamp="7 Dec 2021 06:31:36 GMT" time="237.316" errors="0">
  <testcase name="test2" time="5.536" classname="com.cmcc.p.poc.automation.test.Callonefriend"/>
  <testcase name="test3" time="154.213" classname="com.cmcc.p.poc.automation.test.Callonefriend"/>
  <testcase name="getFirst" time="0.261" classname="com.cmcc.p.poc.automation.test.Callonefriend"/>
  <testcase name="getsecond" time="0.012" classname="com.cmcc.p.poc.automation.test.Callonefriend"/>
  <testcase name="test1" time="77.294" classname="com.cmcc.p.poc.automation.test.Callonefriend"/>
</testsuite> <!-- com.cmcc.p.poc.automation.test.Callonefriend -->
