<?xml version="1.0" encoding="UTF-8"?>
<!-- Generated by org.testng.reporters.JUnitReportReporter -->
<testsuite hostname="tiansc" name="com.cmcc.p.poc.automation.test.GroupNotallow" tests="2" failures="0" timestamp="7 Dec 2021 12:07:41 GMT" time="158.014" errors="0">
  <testcase name="getFirst" time="0.202" classname="com.cmcc.p.poc.automation.test.GroupNotallow"/>
  <testcase name="test" time="157.812" classname="com.cmcc.p.poc.automation.test.GroupNotallow"/>
</testsuite> <!-- com.cmcc.p.poc.automation.test.GroupNotallow -->
