<?xml version="1.0" encoding="UTF-8"?>
<!-- Generated by org.testng.reporters.JUnitReportReporter -->
<testsuite hostname="tiansc" name="com.cmcc.p.poc.automation.test.GroupNeedcheck" tests="3" failures="0" timestamp="7 Dec 2021 10:13:18 GMT" time="534.841" errors="0">
  <testcase name="test" time="534.508" classname="com.cmcc.p.poc.automation.test.GroupNeedcheck"/>
  <testcase name="getFirst" time="0.323" classname="com.cmcc.p.poc.automation.test.GroupNeedcheck"/>
  <testcase name="getsecond" time="0.010" classname="com.cmcc.p.poc.automation.test.GroupNeedcheck"/>
</testsuite> <!-- com.cmcc.p.poc.automation.test.GroupNeedcheck -->
