<?xml version="1.0" encoding="UTF-8"?>
<!-- Generated by org.testng.reporters.JUnitReportReporter -->
<testsuite hostname="tiansc" name="com.cmcc.p.poc.automation.test.LoginAndSpeak" tests="2" failures="0" timestamp="7 Dec 2021 12:47:22 GMT" time="125.524" errors="0">
  <testcase name="getFirst" time="0.129" classname="com.cmcc.p.poc.automation.test.LoginAndSpeak"/>
  <testcase name="test" time="125.395" classname="com.cmcc.p.poc.automation.test.LoginAndSpeak"/>
</testsuite> <!-- com.cmcc.p.poc.automation.test.LoginAndSpeak -->
