<?xml version="1.0" encoding="UTF-8"?>
<!-- Generated by org.testng.reporters.JUnitReportReporter -->
<testsuite hostname="tiansc" name="com.cmcc.p.poc.automation.test.ShareLocation" tests="2" failures="0" timestamp="7 Dec 2021 15:07:58 GMT" time="119.661" errors="0">
  <testcase name="getFirst" time="0.370" classname="com.cmcc.p.poc.automation.test.ShareLocation"/>
  <testcase name="test" time="119.291" classname="com.cmcc.p.poc.automation.test.ShareLocation"/>
</testsuite> <!-- com.cmcc.p.poc.automation.test.ShareLocation -->
