<?xml version="1.0" encoding="UTF-8"?>
<!-- Generated by org.testng.reporters.JUnitReportReporter -->
<testsuite hostname="tiansc" name="com.cmcc.p.poc.automation.test.SpeakAndPlay" tests="2" failures="0" timestamp="7 Dec 2021 15:12:14 GMT" time="161.696" errors="0">
  <testcase name="getFirst" time="0.170" classname="com.cmcc.p.poc.automation.test.SpeakAndPlay"/>
  <testcase name="test" time="161.526" classname="com.cmcc.p.poc.automation.test.SpeakAndPlay"/>
</testsuite> <!-- com.cmcc.p.poc.automation.test.SpeakAndPlay -->
