<?xml version="1.0" encoding="UTF-8"?>
<!-- Generated by org.testng.reporters.JUnitReportReporter -->
<testsuite hostname="tiansc" name="com.cmcc.p.poc.automation.test.Group_transfer_container" tests="3" failures="0" timestamp="7 Dec 2021 09:25:29 GMT" time="383.671" errors="0">
  <testcase name="test" time="383.439" classname="com.cmcc.p.poc.automation.test.Group_transfer_container"/>
  <testcase name="getFirst" time="0.223" classname="com.cmcc.p.poc.automation.test.Group_transfer_container"/>
  <testcase name="getFirst2" time="0.009" classname="com.cmcc.p.poc.automation.test.Group_transfer_container"/>
</testsuite> <!-- com.cmcc.p.poc.automation.test.Group_transfer_container -->
