<?xml version="1.0" encoding="UTF-8"?>
<!-- Generated by org.testng.reporters.JUnitReportReporter -->
<testsuite hostname="tiansc" name="com.cmcc.p.poc.automation.test.Searchfriendhavefriend" tests="3" failures="0" timestamp="7 Dec 2021 14:28:35 GMT" time="327.602" errors="0">
  <testcase name="getFirst" time="0.183" classname="com.cmcc.p.poc.automation.test.Searchfriendhavefriend"/>
  <testcase name="test" time="327.396" classname="com.cmcc.p.poc.automation.test.Searchfriendhavefriend"/>
  <testcase name="getsecond" time="0.023" classname="com.cmcc.p.poc.automation.test.Searchfriendhavefriend"/>
</testsuite> <!-- com.cmcc.p.poc.automation.test.Searchfriendhavefriend -->
