<?xml version="1.0" encoding="UTF-8"?>
<!-- Generated by org.testng.reporters.JUnitReportReporter -->
<testsuite hostname="tiansc" name="com.cmcc.p.poc.automation.test.Callfriend" tests="3" failures="0" timestamp="7 Dec 2021 06:23:15 GMT" time="330.540" errors="0">
  <testcase name="test" time="330.375" classname="com.cmcc.p.poc.automation.test.Callfriend"/>
  <testcase name="getFirst" time="0.156" classname="com.cmcc.p.poc.automation.test.Callfriend"/>
  <testcase name="getsecond" time="0.009" classname="com.cmcc.p.poc.automation.test.Callfriend"/>
</testsuite> <!-- com.cmcc.p.poc.automation.test.Callfriend -->
