<?xml version="1.0" encoding="UTF-8"?>
<!-- Generated by org.testng.reporters.JUnitReportReporter -->
<testsuite hostname="tiansc" name="com.cmcc.p.poc.automation.test.AddAndRemoveMember" tests="3" failures="0" timestamp="7 Dec 2021 06:09:11 GMT" time="292.252" errors="0">
  <testcase name="getFirst" time="0.209" classname="com.cmcc.p.poc.automation.test.AddAndRemoveMember"/>
  <testcase name="getsecond" time="0.051" classname="com.cmcc.p.poc.automation.test.AddAndRemoveMember"/>
  <testcase name="test" time="291.992" classname="com.cmcc.p.poc.automation.test.AddAndRemoveMember"/>
</testsuite> <!-- com.cmcc.p.poc.automation.test.AddAndRemoveMember -->
