<?xml version="1.0" encoding="UTF-8"?>
<!-- Generated by org.testng.reporters.JUnitReportReporter -->
<testsuite hostname="tiansc" name="com.cmcc.p.poc.automation.test.Updatefriendfail" tests="3" failures="0" timestamp="7 Dec 2021 15:20:33 GMT" time="239.533" errors="0">
  <testcase name="getFirst" time="0.164" classname="com.cmcc.p.poc.automation.test.Updatefriendfail"/>
  <testcase name="getsecond" time="0.008" classname="com.cmcc.p.poc.automation.test.Updatefriendfail"/>
  <testcase name="test" time="239.361" classname="com.cmcc.p.poc.automation.test.Updatefriendfail"/>
</testsuite> <!-- com.cmcc.p.poc.automation.test.Updatefriendfail -->
