<?xml version="1.0" encoding="UTF-8"?>
<!-- Generated by org.testng.reporters.JUnitReportReporter -->
<testsuite hostname="tiansc" name="com.cmcc.p.poc.automation.test.GroupUndisturbed" tests="2" failures="0" timestamp="7 Dec 2021 12:13:22 GMT" time="138.044" errors="0">
  <testcase name="getFirst" time="0.122" classname="com.cmcc.p.poc.automation.test.GroupUndisturbed"/>
  <testcase name="test" time="137.922" classname="com.cmcc.p.poc.automation.test.GroupUndisturbed"/>
</testsuite> <!-- com.cmcc.p.poc.automation.test.GroupUndisturbed -->
