<?xml version="1.0" encoding="UTF-8"?>
<!-- Generated by org.testng.reporters.JUnitReportReporter -->
<testsuite hostname="tiansc" name="com.cmcc.p.poc.automation.test.SearchfriendNofriend" tests="2" failures="0" timestamp="8 Dec 2021 01:12:15 GMT" time="82.009" errors="0">
  <testcase name="getFirst" time="0.199" classname="com.cmcc.p.poc.automation.test.SearchfriendNofriend"/>
  <testcase name="test" time="81.810" classname="com.cmcc.p.poc.automation.test.SearchfriendNofriend"/>
</testsuite> <!-- com.cmcc.p.poc.automation.test.SearchfriendNofriend -->
