<?xml version="1.0" encoding="UTF-8"?>
<!-- Generated by org.testng.reporters.JUnitReportReporter -->
<testsuite hostname="tiansc" name="com.cmcc.p.poc.automation.test.JoinAndExitGroup" tests="3" failures="0" timestamp="7 Dec 2021 12:38:03 GMT" time="359.514" errors="0">
  <testcase name="test" time="359.217" classname="com.cmcc.p.poc.automation.test.JoinAndExitGroup"/>
  <testcase name="getFirst" time="0.289" classname="com.cmcc.p.poc.automation.test.JoinAndExitGroup"/>
  <testcase name="getsecond" time="0.008" classname="com.cmcc.p.poc.automation.test.JoinAndExitGroup"/>
</testsuite> <!-- com.cmcc.p.poc.automation.test.JoinAndExitGroup -->
