<?xml version="1.0" encoding="UTF-8"?>
<!-- Generated by org.testng.reporters.JUnitReportReporter -->
<testsuite hostname="tiansc" name="com.cmcc.p.poc.automation.test.Member_location" tests="2" failures="0" timestamp="7 Dec 2021 13:53:27 GMT" time="176.188" errors="0">
  <testcase name="getFirst" time="0.175" classname="com.cmcc.p.poc.automation.test.Member_location"/>
  <testcase name="test" time="176.013" classname="com.cmcc.p.poc.automation.test.Member_location"/>
</testsuite> <!-- com.cmcc.p.poc.automation.test.Member_location -->
