<?xml version="1.0" encoding="UTF-8"?>
<!-- Generated by org.testng.reporters.JUnitReportReporter -->
<testsuite hostname="tiansc" name="com.cmcc.p.poc.automation.test.PersonalInfo" tests="2" failures="0" timestamp="7 Dec 2021 14:06:27 GMT" time="90.055" errors="0">
  <testcase name="getFirst" time="0.217" classname="com.cmcc.p.poc.automation.test.PersonalInfo"/>
  <testcase name="test" time="89.838" classname="com.cmcc.p.poc.automation.test.PersonalInfo"/>
</testsuite> <!-- com.cmcc.p.poc.automation.test.PersonalInfo -->
