<?xml version="1.0" encoding="UTF-8"?>
<!-- Generated by org.testng.reporters.JUnitReportReporter -->
<testsuite hostname="tiansc" name="com.cmcc.p.poc.automation.test.Set_notes" tests="2" failures="0" timestamp="7 Dec 2021 15:01:57 GMT" time="110.591" errors="0">
  <testcase name="test" time="110.376" classname="com.cmcc.p.poc.automation.test.Set_notes"/>
  <testcase name="getFirst" time="0.215" classname="com.cmcc.p.poc.automation.test.Set_notes"/>
</testsuite> <!-- com.cmcc.p.poc.automation.test.Set_notes -->
