<?xml version="1.0" encoding="UTF-8"?>
<!-- Generated by org.testng.reporters.JUnitReportReporter -->
<testsuite hostname="tiansc" name="com.cmcc.p.poc.automation.test.Redpointfriend" tests="3" failures="0" timestamp="7 Dec 2021 14:22:07 GMT" time="307.304" errors="0">
  <testcase name="getFirst" time="0.171" classname="com.cmcc.p.poc.automation.test.Redpointfriend"/>
  <testcase name="test" time="307.125" classname="com.cmcc.p.poc.automation.test.Redpointfriend"/>
  <testcase name="getsecond" time="0.008" classname="com.cmcc.p.poc.automation.test.Redpointfriend"/>
</testsuite> <!-- com.cmcc.p.poc.automation.test.Redpointfriend -->
