<?xml version="1.0" encoding="UTF-8"?>
<!-- Generated by org.testng.reporters.JUnitReportReporter -->
<testsuite hostname="tiansc" name="com.cmcc.p.poc.automation.test.Set_manager_member" tests="3" failures="0" timestamp="8 Dec 2021 02:06:57 GMT" time="276.673" errors="0">
  <testcase name="test" time="276.513" classname="com.cmcc.p.poc.automation.test.Set_manager_member"/>
  <testcase name="getFirst" time="0.151" classname="com.cmcc.p.poc.automation.test.Set_manager_member"/>
  <testcase name="getFirst2" time="0.009" classname="com.cmcc.p.poc.automation.test.Set_manager_member"/>
</testsuite> <!-- com.cmcc.p.poc.automation.test.Set_manager_member -->
