<?xml version="1.0" encoding="UTF-8"?>
<!-- Generated by org.testng.reporters.JUnitReportReporter -->
<testsuite hostname="tiansc" name="com.cmcc.p.poc.automation.test.GroupAction" tests="2" failures="0" timestamp="7 Dec 2021 09:28:46 GMT" time="96.464" errors="0">
  <testcase name="getFirst" time="0.248" classname="com.cmcc.p.poc.automation.test.GroupAction"/>
  <testcase name="test1" time="96.216" classname="com.cmcc.p.poc.automation.test.GroupAction"/>
</testsuite> <!-- com.cmcc.p.poc.automation.test.GroupAction -->
