<?xml version="1.0" encoding="UTF-8"?>
<!-- Generated by org.testng.reporters.JUnitReportReporter -->
<testsuite hostname="tiansc" name="com.cmcc.p.poc.automation.test.ManageGroup" tests="2" failures="0" timestamp="7 Dec 2021 13:47:11 GMT" time="164.860" errors="0">
  <testcase name="getFirst" time="0.211" classname="com.cmcc.p.poc.automation.test.ManageGroup"/>
  <testcase name="manageGroup" time="164.649" classname="com.cmcc.p.poc.automation.test.ManageGroup"/>
</testsuite> <!-- com.cmcc.p.poc.automation.test.ManageGroup -->
