<?xml version="1.0" encoding="UTF-8"?>
<!-- Generated by org.testng.reporters.JUnitReportReporter -->
<testsuite hostname="tiansc" name="com.cmcc.p.poc.automation.test.TopGroup" tests="2" failures="0" timestamp="7 Dec 2021 15:15:50 GMT" time="160.567" errors="0">
  <testcase name="test" time="160.347" classname="com.cmcc.p.poc.automation.test.TopGroup"/>
  <testcase name="getFirst" time="0.220" classname="com.cmcc.p.poc.automation.test.TopGroup"/>
</testsuite> <!-- com.cmcc.p.poc.automation.test.TopGroup -->
