<?xml version="1.0" encoding="UTF-8"?>
<!-- Generated by org.testng.reporters.JUnitReportReporter -->
<testsuite hostname="tiansc" name="com.cmcc.p.poc.automation.test.LoginTest" tests="2" failures="0" timestamp="7 Dec 2021 12:57:53 GMT" time="95.080" errors="0">
  <testcase name="login" time="94.887" classname="com.cmcc.p.poc.automation.test.LoginTest"/>
  <testcase name="getFirst" time="0.193" classname="com.cmcc.p.poc.automation.test.LoginTest"/>
</testsuite> <!-- com.cmcc.p.poc.automation.test.LoginTest -->
