<?xml version="1.0" encoding="UTF-8"?>
<!-- Generated by org.testng.reporters.JUnitReportReporter -->
<testsuite hostname="tiansc" name="com.cmcc.p.poc.automation.test.Set_manager_no_member" tests="2" failures="0" timestamp="7 Dec 2021 14:58:17 GMT" time="131.540" errors="0">
  <testcase name="test" time="131.364" classname="com.cmcc.p.poc.automation.test.Set_manager_no_member"/>
  <testcase name="getsecond6" time="0.176" classname="com.cmcc.p.poc.automation.test.Set_manager_no_member"/>
</testsuite> <!-- com.cmcc.p.poc.automation.test.Set_manager_no_member -->
