<?xml version="1.0" encoding="UTF-8"?>
<!-- Generated by org.testng.reporters.JUnitReportReporter -->
<testsuite hostname="tiansc" name="com.cmcc.p.poc.automation.test.Groupfriend" tests="3" failures="0" timestamp="7 Dec 2021 09:35:50 GMT" time="295.865" errors="0">
  <testcase name="getFirst" time="0.176" classname="com.cmcc.p.poc.automation.test.Groupfriend"/>
  <testcase name="test" time="295.637" classname="com.cmcc.p.poc.automation.test.Groupfriend"/>
  <testcase name="getsecond" time="0.052" classname="com.cmcc.p.poc.automation.test.Groupfriend"/>
</testsuite> <!-- com.cmcc.p.poc.automation.test.Groupfriend -->
