<?xml version="1.0" encoding="UTF-8"?>
<!-- Generated by org.testng.reporters.JUnitReportReporter -->
<testsuite hostname="tiansc" name="com.cmcc.p.poc.automation.test.Group_my_nick_name_tip" tests="2" failures="0" timestamp="7 Dec 2021 08:55:25 GMT" time="122.269" errors="0">
  <testcase name="getsecond" time="0.148" classname="com.cmcc.p.poc.automation.test.Group_my_nick_name_tip"/>
  <testcase name="test" time="122.121" classname="com.cmcc.p.poc.automation.test.Group_my_nick_name_tip"/>
</testsuite> <!-- com.cmcc.p.poc.automation.test.Group_my_nick_name_tip -->
